<?xml version="1.0" encoding="UTF-8"?>
<!-- Generated by org.testng.reporters.JUnitReportReporter -->
<testsuite hostname="LAPTOP-8H99JO38" failures="0" tests="1" name="testCases.TC_002_LoginTest" time="1.463" errors="0" timestamp="2022-08-18T23:08:35 IST" skipped="0">
  <testcase classname="testCases.TC_002_LoginTest" name="test_Login" time="1.463"/>
  <system-out/>
</testsuite> <!-- testCases.TC_002_LoginTest -->
